<?xml version="1.0" encoding="utf-8"?><testsuites><testsuite name="pytest" errors="0" failures="10" skipped="3" tests="21" time="8.165" timestamp="2026-03-20T22:00:38.902631" hostname="HITESH"><testcase classname="tests.test_audio" name="test_transcribe_sanity" time="0.664" /><testcase classname="tests.test_embeddings" name="test_embed_texts_shape" time="2.196"><failure message="assert 512 == 384">D:\Portfolio_project\rag-offline-chatbot\tests\test_embeddings.py:10: in test_embed_texts_shape
    ???
E   assert 512 == 384</failure></testcase><testcase classname="tests.test_ingest" name="test_extract_pdf" time="0.005"><skipped type="pytest.skip" message="Sample PDF not found.">C:\HiteeshHub\Projects\Portfolio_project\rag-offline-chatbot\tests\test_ingest.py:9: Sample PDF not found.</skipped></testcase><testcase classname="tests.test_ingest" name="test_extract_image" time="0.001"><skipped type="pytest.skip" message="Sample image not found.">C:\HiteeshHub\Projects\Portfolio_project\rag-offline-chatbot\tests\test_ingest.py:17: Sample image not found.</skipped></testcase><testcase classname="tests.test_integration.TestIngestion" name="test_text_chunking" time="0.001" /><testcase classname="tests.test_integration.TestIngestion" name="test_pdf_extraction" time="0.004" /><testcase classname="tests.test_integration.TestIngestion" name="test_docx_extraction" time="0.001"><skipped type="pytest.skip" message="DOCX extraction test requires a real DOCX file. Use python-docx to create test files if needed.">C:\HiteeshHub\Projects\Portfolio_project\rag-offline-chatbot\tests\test_integration.py:82: DOCX extraction test requires a real DOCX file. Use python-docx to create test files if needed.</skipped></testcase><testcase classname="tests.test_integration.TestEmbeddings" name="test_text_embedding" time="0.015"><failure message="assert 512 == 384">tests\test_integration.py:94: in test_text_embedding
    assert embedding.shape[1] == 384  # MiniLM-L6-v2 dimension
E   assert 512 == 384</failure></testcase><testcase classname="tests.test_integration.TestEmbeddings" name="test_text_embeddings_batch" time="0.015"><failure message="assert 512 == 384">tests\test_integration.py:104: in test_text_embeddings_batch
    assert embeddings.shape[1] == 384
E   assert 512 == 384</failure></testcase><testcase classname="tests.test_integration.TestEmbeddings" name="test_embedding_model_loading" time="0.001"><failure message="AssertionError: assert False&#10; +  where False = hasattr(CLIP(\n  (visual): VisionTransformer(\n    (conv1): Conv2d(3, 768, kernel_size=(32, 32), stride=(32, 32), bias=False)\n    (patch_dropout): Identity()\n    (ln_pre): LayerNorm((768,), eps=1e-05, elementwise_affine=True)\n    (transformer): Transformer(\n      (resblocks): ModuleList(\n        (0-11): 12 x ResidualAttentionBlock(\n          (ln_1): LayerNorm((768,), eps=1e-05, elementwise_affine=True)\n          (attn): MultiheadAttention(\n            (out_proj): NonDynamicallyQuantizableLinear(in_features=768, out_features=768, bias=True)\n          )\n          (ls_1): Identity()\n          (ln_2): LayerNorm((768,), eps=1e-05, elementwise_affine=True)\n          (mlp): Sequential(\n            (c_fc): Linear(in_features=768, out_features=3072, bias=True)\n            (gelu): QuickGELU()\n            (c_proj): Linear(in_features=3072, out_features=768, bias=True)\n          )\n          (ls_2): Identity()\n        )\n      )\n    )\n    (ln_post): LayerNorm((768,), eps=1e-05, elementwise_affine=True)\n  )\n  (transformer): Transformer(\n    (resblocks): ModuleList(\n      (0-11): 12 x ResidualAttentionBlock(\n        (ln_1): LayerNorm((512,), eps=1e-05, elementwise_affine=True)\n        (attn): MultiheadAttention(\n          (out_proj): NonDynamicallyQuantizableLinear(in_features=512, out_features=512, bias=True)\n        )\n        (ls_1): Identity()\n        (ln_2): LayerNorm((512,), eps=1e-05, elementwise_affine=True)\n        (mlp): Sequential(\n          (c_fc): Linear(in_features=512, out_features=2048, bias=True)\n          (gelu): QuickGELU()\n          (c_proj): Linear(in_features=2048, out_features=512, bias=True)\n        )\n        (ls_2): Identity()\n      )\n    )\n  )\n  (token_embedding): Embedding(49408, 512)\n  (ln_final): LayerNorm((512,), eps=1e-05, elementwise_affine=True)\n), 'encode')">tests\test_integration.py:112: in test_embedding_model_loading
    assert hasattr(model, 'encode')
E   AssertionError: assert False
E    +  where False = hasattr(CLIP(\n  (visual): VisionTransformer(\n    (conv1): Conv2d(3, 768, kernel_size=(32, 32), stride=(32, 32), bias=False)\n    (patch_dropout): Identity()\n    (ln_pre): LayerNorm((768,), eps=1e-05, elementwise_affine=True)\n    (transformer): Transformer(\n      (resblocks): ModuleList(\n        (0-11): 12 x ResidualAttentionBlock(\n          (ln_1): LayerNorm((768,), eps=1e-05, elementwise_affine=True)\n          (attn): MultiheadAttention(\n            (out_proj): NonDynamicallyQuantizableLinear(in_features=768, out_features=768, bias=True)\n          )\n          (ls_1): Identity()\n          (ln_2): LayerNorm((768,), eps=1e-05, elementwise_affine=True)\n          (mlp): Sequential(\n            (c_fc): Linear(in_features=768, out_features=3072, bias=True)\n            (gelu): QuickGELU()\n            (c_proj): Linear(in_features=3072, out_features=768, bias=True)\n          )\n          (ls_2): Identity()\n        )\n      )\n    )\n    (ln_post): LayerNorm((768,), eps=1e-05, elementwise_affine=True)\n  )\n  (transformer): Transformer(\n    (resblocks): ModuleList(\n      (0-11): 12 x ResidualAttentionBlock(\n        (ln_1): LayerNorm((512,), eps=1e-05, elementwise_affine=True)\n        (attn): MultiheadAttention(\n          (out_proj): NonDynamicallyQuantizableLinear(in_features=512, out_features=512, bias=True)\n        )\n        (ls_1): Identity()\n        (ln_2): LayerNorm((512,), eps=1e-05, elementwise_affine=True)\n        (mlp): Sequential(\n          (c_fc): Linear(in_features=512, out_features=2048, bias=True)\n          (gelu): QuickGELU()\n          (c_proj): Linear(in_features=2048, out_features=512, bias=True)\n        )\n        (ls_2): Identity()\n      )\n    )\n  )\n  (token_embedding): Embedding(49408, 512)\n  (ln_final): LayerNorm((512,), eps=1e-05, elementwise_affine=True)\n), 'encode')</failure></testcase><testcase classname="tests.test_integration.TestVectorStore" name="test_faiss_store_creation" time="0.004"><failure message="AttributeError: 'FAISSStore' object has no attribute 'index'">tests\test_integration.py:124: in test_faiss_store_creation
    assert store.index is not None
E   AttributeError: 'FAISSStore' object has no attribute 'index'</failure></testcase><testcase classname="tests.test_integration.TestVectorStore" name="test_faiss_store_upsert" time="0.022"><failure message="AssertionError: assert 0 == 2&#10; +  where 2 = len([{'embedding': array([-1.01245660e-02,  2.15111263e-02, -1.56945102e-02, -6.15798216e-03,\n        1.15109617e-02, -1.48849348e-02, -2.91983690e-03, -8.71564746e-02,\n        3.84425633e-02, -3.79895256e-03,  8.19743983e-03, -1.27108237e-02,\n        2.85189394e-02, -2.06849203e-02,  1.71993207e-02, -2.26055719e-02,\n        9.69164446e-03, -1.17312069e-03, -1.95478890e-02, -1.70107535e-03,\n        1.95135400e-02,  5.76086203e-03,  2.91137118e-02, -1.89227723e-02,\n       -9.96894948e-03,  2.50205416e-02, -3.26411799e-03,  1.47402175e-02,\n       -2.32238676e-02,  1.68085855e-03,  3.62460711e-03, -1.07911536e-02,\n        1.42471977e-02, -1.05510943e-03, -1.24629391e-02,  1.24687236e-02,\n        5.75049408e-03,  1.35761332e-02,  1.66341700e-02, -4.81203645e-02,\n       -3.39559373e-03, -3.35466396e-03, -7.35746231e-03, -6.29385049e-03,\n        1.79129448e-02,  5.95210399e-03,  1.17689576e-02, -2.79697999e-02,\n        3.83139076e-03, -2.00991854e-02, -1.35564934e-02, -1.72706898e-02,\n        1.05359778e-02, -7.32774241e-03, -1.06984572e-02, -1.65365953e-02,\n       -2.39126399e-04,  5.70525276e-03, -1.02825062e-02, -9.60524473e-03,\n        3.31518333e-03, -2.45889071e-02,  3.36040482e-02, ...2,\n       -7.41476100e-03,  2.12410446e-02, -5.75773837e-03,  9.01671220e-03,\n       -3.41035202e-02,  1.04049286e-02,  1.68053433e-02,  1.90226187e-03,\n        1.05988448e-02, -4.70246468e-03,  1.34017533e-02, -1.54506217e-03,\n        1.05221905e-02,  2.19985424e-03,  6.81557506e-03,  2.36567464e-02,\n        2.96407333e-03, -1.81915760e-02,  1.04370303e-02,  1.26168383e-02,\n        1.99516639e-02,  6.51606359e-03,  8.32303148e-03,  3.41205560e-02,\n        2.17145891e-04, -5.56286424e-02,  2.34957431e-02, -8.45215563e-03,\n       -8.27258080e-03,  3.83850979e-03, -7.71155348e-03, -1.04186288e-03,\n        4.12865169e-03, -2.19919980e-02, -4.92844358e-03,  2.99226772e-03,\n        1.18239922e-02,  4.12429310e-03,  2.18561366e-02, -2.50634979e-02,\n        3.08582326e-03, -4.70619649e-03, -1.79839246e-02,  9.18239169e-03,\n        1.26473075e-02,  2.46322714e-02, -1.08178128e-02,  8.66470858e-03,\n        3.11558004e-02, -3.35763139e-03, -8.89492035e-03, -2.00178591e-03,\n       -3.69870890e-04,  5.07495692e-03,  1.93671677e-02,  3.68336798e-03],\n      dtype=float32), 'metadata': {'chunk_index': 0, 'content': 'Second chunk of text', 'file_id': 'test-file-1', 'file_name': 'test.txt', ...}}])">tests\test_integration.py:151: in test_faiss_store_upsert
    assert added == len(items)
E   AssertionError: assert 0 == 2
E    +  where 2 = len([{'embedding': array([-1.01245660e-02,  2.15111263e-02, -1.56945102e-02, -6.15798216e-03,\n        1.15109617e-02, -1.48849348e-02, -2.91983690e-03, -8.71564746e-02,\n        3.84425633e-02, -3.79895256e-03,  8.19743983e-03, -1.27108237e-02,\n        2.85189394e-02, -2.06849203e-02,  1.71993207e-02, -2.26055719e-02,\n        9.69164446e-03, -1.17312069e-03, -1.95478890e-02, -1.70107535e-03,\n        1.95135400e-02,  5.76086203e-03,  2.91137118e-02, -1.89227723e-02,\n       -9.96894948e-03,  2.50205416e-02, -3.26411799e-03,  1.47402175e-02,\n       -2.32238676e-02,  1.68085855e-03,  3.62460711e-03, -1.07911536e-02,\n        1.42471977e-02, -1.05510943e-03, -1.24629391e-02,  1.24687236e-02,\n        5.75049408e-03,  1.35761332e-02,  1.66341700e-02, -4.81203645e-02,\n       -3.39559373e-03, -3.35466396e-03, -7.35746231e-03, -6.29385049e-03,\n        1.79129448e-02,  5.95210399e-03,  1.17689576e-02, -2.79697999e-02,\n        3.83139076e-03, -2.00991854e-02, -1.35564934e-02, -1.72706898e-02,\n        1.05359778e-02, -7.32774241e-03, -1.06984572e-02, -1.65365953e-02,\n       -2.39126399e-04,  5.70525276e-03, -1.02825062e-02, -9.60524473e-03,\n        3.31518333e-03, -2.45889071e-02,  3.36040482e-02, ...2,\n       -7.41476100e-03,  2.12410446e-02, -5.75773837e-03,  9.01671220e-03,\n       -3.41035202e-02,  1.04049286e-02,  1.68053433e-02,  1.90226187e-03,\n        1.05988448e-02, -4.70246468e-03,  1.34017533e-02, -1.54506217e-03,\n        1.05221905e-02,  2.19985424e-03,  6.81557506e-03,  2.36567464e-02,\n        2.96407333e-03, -1.81915760e-02,  1.04370303e-02,  1.26168383e-02,\n        1.99516639e-02,  6.51606359e-03,  8.32303148e-03,  3.41205560e-02,\n        2.17145891e-04, -5.56286424e-02,  2.34957431e-02, -8.45215563e-03,\n       -8.27258080e-03,  3.83850979e-03, -7.71155348e-03, -1.04186288e-03,\n        4.12865169e-03, -2.19919980e-02, -4.92844358e-03,  2.99226772e-03,\n        1.18239922e-02,  4.12429310e-03,  2.18561366e-02, -2.50634979e-02,\n        3.08582326e-03, -4.70619649e-03, -1.79839246e-02,  9.18239169e-03,\n        1.26473075e-02,  2.46322714e-02, -1.08178128e-02,  8.66470858e-03,\n        3.11558004e-02, -3.35763139e-03, -8.89492035e-03, -2.00178591e-03,\n       -3.69870890e-04,  5.07495692e-03,  1.93671677e-02,  3.68336798e-03],\n      dtype=float32), 'metadata': {'chunk_index': 0, 'content': 'Second chunk of text', 'file_id': 'test-file-1', 'file_name': 'test.txt', ...}}])</failure></testcase><testcase classname="tests.test_integration.TestVectorStore" name="test_faiss_store_search" time="0.032" /><testcase classname="tests.test_integration.TestRetriever" name="test_retriever_creation" time="0.001"><failure message="AttributeError: 'Retriever' object has no attribute 'storage'">tests\test_integration.py:200: in test_retriever_creation
    assert retriever.storage is not None
E   AttributeError: 'Retriever' object has no attribute 'storage'</failure></testcase><testcase classname="tests.test_integration.TestRetriever" name="test_retriever_rerank" time="0.001" /><testcase classname="tests.test_integration.TestLLM" name="test_llm_adapter_creation" time="0.003"><failure message="ImportError: cannot import name 'MistralAdapter' from 'backend.app.llm' (C:\HiteeshHub\Projects\Portfolio_project\rag-offline-chatbot\backend\app\llm\__init__.py)">tests\test_integration.py:230: in test_llm_adapter_creation
    from backend.app.llm import MistralAdapter
E   ImportError: cannot import name 'MistralAdapter' from 'backend.app.llm' (C:\HiteeshHub\Projects\Portfolio_project\rag-offline-chatbot\backend\app\llm\__init__.py)</failure></testcase><testcase classname="tests.test_integration.TestLLM" name="test_prompt_building" time="0.001" /><testcase classname="tests.test_integration.TestUtils" name="test_cross_modal_linker" time="0.088" /><testcase classname="tests.test_integration.TestUtils" name="test_citation_creation" time="0.001" /><testcase classname="tests.test_integration.TestIntegration" name="test_end_to_end_ingestion" time="0.028"><failure message="assert 0 &gt; 0&#10; +  where 0 = len([])">tests\test_integration.py:343: in test_end_to_end_ingestion
    assert len(results) &gt; 0
E   assert 0 &gt; 0
E    +  where 0 = len([])</failure></testcase><testcase classname="tests.test_search" name="test_similarity_flow" time="0.040"><failure message="KeyError: 'content'">tests\test_search.py:32: in test_similarity_flow
    assert res[0]["content"] == texts[0]
E   KeyError: 'content'</failure></testcase></testsuite></testsuites>